This is pdfTeX, Version 3.1415926-1.40.10 (TeX Live 2009/Debian) (format=latex 2013.6.3)  4 JUN 2013 17:15
entering extended mode
 %&-line parsing enabled.
**thesis
(./thesis.tex
LaTeX2e <2009/09/24>
Babel <v3.8l> and hyphenation patterns for english, usenglishmax, dumylang, noh
yphenation, farsi, arabic, croatian, bulgarian, ukrainian, russian, czech, slov
ak, danish, dutch, finnish, french, basque, ngerman, german, german-x-2009-06-1
9, ngerman-x-2009-06-19, ibycus, monogreek, greek, ancientgreek, hungarian, san
skrit, italian, latin, latvian, lithuanian, mongolian2a, mongolian, bokmal, nyn
orsk, romanian, irish, coptic, serbian, turkish, welsh, esperanto, uppersorbian
, estonian, indonesian, interlingua, icelandic, kurmanji, slovenian, polish, po
rtuguese, spanish, galician, catalan, swedish, ukenglish, pinyin, loaded.
(/usr/share/texmf-texlive/tex/latex/base/book.cls
Document Class: book 2007/10/19 v1.4h Standard LaTeX document class
(/usr/share/texmf-texlive/tex/latex/base/bk11.clo
File: bk11.clo 2007/10/19 v1.4h Standard LaTeX file (size option)
)
\c@part=\count79
\c@chapter=\count80
\c@section=\count81
\c@subsection=\count82
\c@subsubsection=\count83
\c@paragraph=\count84
\c@subparagraph=\count85
\c@figure=\count86
\c@table=\count87
\abovecaptionskip=\skip41
\belowcaptionskip=\skip42
\bibindent=\dimen102
)
(/usr/share/texmf-texlive/tex/latex/graphics/graphicx.sty
Package: graphicx 1999/02/16 v1.0f Enhanced LaTeX Graphics (DPC,SPQR)

(/usr/share/texmf-texlive/tex/latex/graphics/keyval.sty
Package: keyval 1999/03/16 v1.13 key=value parser (DPC)
\KV@toks@=\toks14
)
(/usr/share/texmf-texlive/tex/latex/graphics/graphics.sty
Package: graphics 2009/02/05 v1.0o Standard LaTeX Graphics (DPC,SPQR)

(/usr/share/texmf-texlive/tex/latex/graphics/trig.sty
Package: trig 1999/03/16 v1.09 sin cos tan (DPC)
)
(/etc/texmf/tex/latex/config/graphics.cfg
File: graphics.cfg 2009/08/28 v1.8 graphics configuration of TeX Live
)
Package graphics Info: Driver file: dvips.def on input line 91.

(/usr/share/texmf-texlive/tex/latex/graphics/dvips.def
File: dvips.def 1999/02/16 v3.0i Driver-dependant file (DPC,SPQR)
))
\Gin@req@height=\dimen103
\Gin@req@width=\dimen104
)
(/usr/share/texmf-texlive/tex/latex/algorithms/algorithmic.sty
Package: algorithmic 2009/08/24 v0.1 Document Style `algorithmic'

(/usr/share/texmf-texlive/tex/latex/base/ifthen.sty
Package: ifthen 2001/05/26 v1.1c Standard LaTeX ifthen package (DPC)
)
\c@ALC@unique=\count88
\c@ALC@line=\count89
\c@ALC@rem=\count90
\c@ALC@depth=\count91
\ALC@tlm=\skip43
\algorithmicindent=\skip44
)
(/usr/share/texmf-texlive/tex/latex/algorithms/algorithm.sty
Package: algorithm 2009/08/24 v0.1 Document Style `algorithm' - floating enviro
nment

(/usr/share/texmf-texlive/tex/latex/float/float.sty
Package: float 2001/11/08 v1.3d Float enhancements (AL)
\c@float@type=\count92
\float@exts=\toks15
\float@box=\box26
\@float@everytoks=\toks16
\@floatcapt=\box27
)
\@float@every@algorithm=\toks17
\c@algorithm=\count93
)
(/usr/share/texmf-texlive/tex/latex/listings/listings.sty
\lst@mode=\count94
\lst@gtempboxa=\box28
\lst@token=\toks18
\lst@length=\count95
\lst@currlwidth=\dimen105
\lst@column=\count96
\lst@pos=\count97
\lst@lostspace=\dimen106
\lst@width=\dimen107
\lst@newlines=\count98
\lst@lineno=\count99
\lst@maxwidth=\dimen108

(/usr/share/texmf-texlive/tex/latex/listings/lstmisc.sty
File: lstmisc.sty 2007/02/22 1.4 (Carsten Heinz)
\c@lstnumber=\count100
\lst@skipnumbers=\count101
\lst@framebox=\box29
)
(/usr/share/texmf-texlive/tex/latex/listings/listings.cfg
File: listings.cfg 2007/02/22 1.4 listings configuration
))
Package: listings 2007/02/22 1.4 (Carsten Heinz)

(/usr/share/texmf-texlive/tex/latex/booktabs/booktabs.sty
Package: booktabs 2005/04/14 v1.61803 publication quality tables
\heavyrulewidth=\dimen109
\lightrulewidth=\dimen110
\cmidrulewidth=\dimen111
\belowrulesep=\dimen112
\belowbottomsep=\dimen113
\aboverulesep=\dimen114
\abovetopsep=\dimen115
\cmidrulesep=\dimen116
\cmidrulekern=\dimen117
\defaultaddspace=\dimen118
\@cmidla=\count102
\@cmidlb=\count103
\@aboverulesep=\dimen119
\@belowrulesep=\dimen120
\@thisruleclass=\count104
\@lastruleclass=\count105
\@thisrulewidth=\dimen121
)
(/usr/share/texmf-texlive/tex/latex/amsmath/amsmath.sty
Package: amsmath 2000/07/18 v2.13 AMS math features
\@mathmargin=\skip45

For additional information on amsmath, use the `?' option.
(/usr/share/texmf-texlive/tex/latex/amsmath/amstext.sty
Package: amstext 2000/06/29 v2.01

(/usr/share/texmf-texlive/tex/latex/amsmath/amsgen.sty
File: amsgen.sty 1999/11/30 v2.0
\@emptytoks=\toks19
\ex@=\dimen122
))
(/usr/share/texmf-texlive/tex/latex/amsmath/amsbsy.sty
Package: amsbsy 1999/11/29 v1.2d
\pmbraise@=\dimen123
)
(/usr/share/texmf-texlive/tex/latex/amsmath/amsopn.sty
Package: amsopn 1999/12/14 v2.01 operator names
)
\inf@bad=\count106
LaTeX Info: Redefining \frac on input line 211.
\uproot@=\count107
\leftroot@=\count108
LaTeX Info: Redefining \overline on input line 307.
\classnum@=\count109
\DOTSCASE@=\count110
LaTeX Info: Redefining \ldots on input line 379.
LaTeX Info: Redefining \dots on input line 382.
LaTeX Info: Redefining \cdots on input line 467.
\Mathstrutbox@=\box30
\strutbox@=\box31
\big@size=\dimen124
LaTeX Font Info:    Redeclaring font encoding OML on input line 567.
LaTeX Font Info:    Redeclaring font encoding OMS on input line 568.
\macc@depth=\count111
\c@MaxMatrixCols=\count112
\dotsspace@=\muskip10
\c@parentequation=\count113
\dspbrk@lvl=\count114
\tag@help=\toks20
\row@=\count115
\column@=\count116
\maxfields@=\count117
\andhelp@=\toks21
\eqnshift@=\dimen125
\alignsep@=\dimen126
\tagshift@=\dimen127
\tagwidth@=\dimen128
\totwidth@=\dimen129
\lineht@=\dimen130
\@envbody=\toks22
\multlinegap=\skip46
\multlinetaggap=\skip47
\mathdisplay@stack=\toks23
LaTeX Info: Redefining \[ on input line 2666.
LaTeX Info: Redefining \] on input line 2667.
)
(/usr/share/texmf-texlive/tex/latex/setspace/setspace.sty
Package: setspace 2000/12/01 6.7 Contributed and Supported LaTeX2e package

Package: `setspace' 6.7 <2000/12/01>
) (/usr/share/texmf-texlive/tex/latex/tools/verbatim.sty
Package: verbatim 2003/08/22 v1.5q LaTeX2e package for verbatim enhancements
\every@verbatim=\toks24
\verbatim@line=\toks25
\verbatim@in@stream=\read1
)
(/usr/share/texmf-texlive/tex/latex/natbib/natbib.sty
Package: natbib 2009/07/16 8.31 (PWD, AO)
\bibhang=\skip48
\bibsep=\skip49
LaTeX Info: Redefining \cite on input line 694.
\c@NAT@ctr=\count118
)
(/var/lib/texmf/tex/generic/babel/babel.sty
Package: babel 2008/07/06 v3.8l The Babel package

(/usr/share/texmf-texlive/tex/generic/babel/greek.ldf
Language: greek 2005/03/30 v1.3l Greek support from the babel system

(/usr/share/texmf-texlive/tex/generic/babel/babel.def
File: babel.def 2008/07/06 v3.8l Babel common definitions
\babel@savecnt=\count119
\U@D=\dimen131
)
Loading the definitions for the Greek font encoding
(/usr/share/texmf-texlive/tex/generic/babel/lgrenc.def
File: lgrenc.def 2008/06/17 v2.3 Greek Encoding
))
(/usr/share/texmf-texlive/tex/generic/babel/english.ldf
Language: english 2005/03/30 v3.3o English support from the babel system
\l@canadian = a dialect from \language\l@american 
\l@australian = a dialect from \language\l@british 
\l@newzealand = a dialect from \language\l@british 
)
(/usr/share/texmf-texlive/tex/generic/babel/frenchb.ldf
Language: frenchb 2009/03/16 v2.3d French support from the babel system
Package babel Info: Making : an active character on input line 120.
Package babel Info: Making ; an active character on input line 121.
Package babel Info: Making ! an active character on input line 122.
Package babel Info: Making ? an active character on input line 123.
\FB@Mht=\dimen132
\std@mcc=\count120
\dec@mcc=\count121
\parindentFFN=\dimen133

*************************************
* Local config file frenchb.cfg used
*
(/usr/share/texmf-texlive/tex/generic/babel/frenchb.cfg)))
(/usr/share/texmf-texlive/tex/latex/carlisle/scalefnt.sty)
(/usr/share/texmf-texlive/tex/latex/base/inputenc.sty
Package: inputenc 2008/03/30 v1.1d Input encoding file
\inpenc@prehook=\toks26
\inpenc@posthook=\toks27

(/usr/share/texmf-texlive/tex/latex/ucs/utf8x.def
File: utf8x.def 2004/10/17 UCS: Input encoding UTF-8
))
(/usr/share/texmf-texlive/tex/latex/ucs/ucs.sty
Package: ucs 2004/10/17 UCS: Unicode input support

(/usr/share/texmf-texlive/tex/latex/ucs/data/uni-global.def
File: uni-global.def 2004/10/17 UCS: Unicode global data
)
\uc@secondtry=\count122
\uc@combtoks=\toks28
\uc@combtoksb=\toks29
\uc@temptokena=\toks30
)
(/usr/share/texmf-texlive/tex/latex/hyperref/hyperref.sty
Package: hyperref 2009/10/09 v6.79a Hypertext links for LaTeX

(/usr/share/texmf-texlive/tex/generic/oberdiek/ifpdf.sty
Package: ifpdf 2009/04/10 v2.0 Provides the ifpdf switch (HO)
Package ifpdf Info: pdfTeX in pdf mode not detected.
)
(/usr/share/texmf-texlive/tex/generic/oberdiek/ifvtex.sty
Package: ifvtex 2008/11/04 v1.4 Switches for detecting VTeX and its modes (HO)
Package ifvtex Info: VTeX not detected.
)
(/usr/share/texmf-texlive/tex/generic/ifxetex/ifxetex.sty
Package: ifxetex 2009/01/23 v0.5 Provides ifxetex conditional
)
(/usr/share/texmf-texlive/tex/latex/oberdiek/hycolor.sty
Package: hycolor 2009/10/02 v1.5 Code for color options of hyperref/bookmark (H
O)

(/usr/share/texmf-texlive/tex/latex/oberdiek/xcolor-patch.sty
Package: xcolor-patch 2009/10/02 xcolor patch
))
\@linkdim=\dimen134
\Hy@linkcounter=\count123
\Hy@pagecounter=\count124

(/usr/share/texmf-texlive/tex/latex/hyperref/pd1enc.def
File: pd1enc.def 2009/10/09 v6.79a Hyperref: PDFDocEncoding definition (HO)
)
(/usr/share/texmf-texlive/tex/generic/oberdiek/etexcmds.sty
Package: etexcmds 2007/12/12 v1.2 Prefix for e-TeX command names (HO)

(/usr/share/texmf-texlive/tex/generic/oberdiek/infwarerr.sty
Package: infwarerr 2007/09/09 v1.2 Providing info/warning/message (HO)
)
Package etexcmds Info: Could not find \expanded.
(etexcmds)             That can mean that you are not using pdfTeX 1.50 or
(etexcmds)             that some package has redefined \expanded.
(etexcmds)             In the latter case, load this package earlier.
)
(/usr/share/texmf-texlive/tex/latex/latexconfig/hyperref.cfg
File: hyperref.cfg 2002/06/06 v1.2 hyperref configuration of TeXLive
)
(/usr/share/texmf-texlive/tex/latex/oberdiek/kvoptions.sty
Package: kvoptions 2009/08/13 v3.4 Keyval support for LaTeX options (HO)

(/usr/share/texmf-texlive/tex/generic/oberdiek/kvsetkeys.sty
Package: kvsetkeys 2009/07/30 v1.5 Key value parser with default handler suppor
t (HO)
))
Package hyperref Info: Hyper figures OFF on input line 2975.
Package hyperref Info: Link nesting OFF on input line 2980.
Package hyperref Info: Hyper index ON on input line 2983.
Package hyperref Info: Plain pages OFF on input line 2990.
Package hyperref Info: Backreferencing OFF on input line 2995.

Implicit mode ON; LaTeX internals redefined
Package hyperref Info: Bookmarks ON on input line 3191.
(/usr/share/texmf-texlive/tex/latex/ltxmisc/url.sty
\Urlmuskip=\muskip11
Package: url 2006/04/12  ver 3.3  Verb mode for urls, etc.
)
LaTeX Info: Redefining \url on input line 3428.

(/usr/share/texmf-texlive/tex/generic/oberdiek/bitset.sty
Package: bitset 2007/09/28 v1.0 Data type bit set (HO)

(/usr/share/texmf-texlive/tex/generic/oberdiek/intcalc.sty
Package: intcalc 2007/09/27 v1.1 Expandable integer calculations (HO)
)
(/usr/share/texmf-texlive/tex/generic/oberdiek/bigintcalc.sty
Package: bigintcalc 2007/11/11 v1.1 Expandable big integer calculations (HO)

(/usr/share/texmf-texlive/tex/generic/oberdiek/pdftexcmds.sty
Package: pdftexcmds 2009/09/23 v0.6 LuaTeX support for pdfTeX utility functions
 (HO)

(/usr/share/texmf-texlive/tex/generic/oberdiek/ifluatex.sty
Package: ifluatex 2009/04/17 v1.2 Provides the ifluatex switch (HO)
Package ifluatex Info: LuaTeX not detected.
)
(/usr/share/texmf-texlive/tex/generic/oberdiek/ltxcmds.sty
Package: ltxcmds 2009/08/05 v1.0 Some LaTeX kernel commands for general use (HO
)
)
Package pdftexcmds Info: LuaTeX not detected.
Package pdftexcmds Info: \pdf@primitive is available.
Package pdftexcmds Info: \pdf@ifprimitive is available.
)))
\Fld@menulength=\count125
\Field@Width=\dimen135
\Fld@charsize=\dimen136
\Field@toks=\toks31
Package hyperref Info: Hyper figures OFF on input line 4377.
Package hyperref Info: Link nesting OFF on input line 4382.
Package hyperref Info: Hyper index ON on input line 4385.
Package hyperref Info: backreferencing OFF on input line 4392.
Package hyperref Info: Link coloring OFF on input line 4397.
Package hyperref Info: Link coloring with OCG OFF on input line 4402.
Package hyperref Info: PDF/A mode OFF on input line 4407.

(/usr/share/texmf-texlive/tex/generic/oberdiek/atbegshi.sty
Package: atbegshi 2008/07/31 v1.9 At begin shipout hook (HO)
)
\Hy@abspage=\count126
\c@Item=\count127
\c@Hfootnote=\count128
)
*hyperref using default driver hdvips*
(/usr/share/texmf-texlive/tex/latex/hyperref/hdvips.def
File: hdvips.def 2009/10/09 v6.79a Hyperref driver for dvips

(/usr/share/texmf-texlive/tex/latex/hyperref/pdfmark.def
File: pdfmark.def 2009/10/09 v6.79a Hyperref definitions for pdfmark specials
\pdf@docset=\toks32
\pdf@box=\box32
\pdf@toks=\toks33
\pdf@defaulttoks=\toks34
\Fld@listcount=\count129
))
(/usr/share/texmf-texlive/tex/latex/slantsc/slantsc.sty
Package: slantsc 2003/11/09 v2.10 Provide Slanted an Italic Small Caps
LaTeX Info: Redefining \upshape on input line 35.
LaTeX Info: Redefining \slshape on input line 45.
LaTeX Info: Redefining \itshape on input line 55.
LaTeX Info: Redefining \scshape on input line 65.
)
(/usr/share/texmf-texlive/tex/latex/base/fontenc.sty
Package: fontenc 2005/09/27 v1.99g Standard LaTeX package

(/usr/share/texmf-texlive/tex/latex/base/t1enc.def
File: t1enc.def 2005/09/27 v1.99g Standard LaTeX file
LaTeX Font Info:    Redeclaring font encoding T1 on input line 43.
))
(/usr/share/texmf-texlive/tex/latex/graphics/color.sty
Package: color 2005/11/14 v1.0j Standard LaTeX Color (DPC)

(/etc/texmf/tex/latex/config/color.cfg
File: color.cfg 2007/01/18 v1.5 color configuration of teTeX/TeXLive
)
Package color Info: Driver file: dvips.def on input line 130.

(/usr/share/texmf-texlive/tex/latex/graphics/dvipsnam.def
File: dvipsnam.def 1999/02/16 v3.0i Driver-dependant file (DPC,SPQR)
))
(/usr/share/texmf/tex/latex/xcolor/xcolor.sty
Package: xcolor 2007/01/21 v2.11 LaTeX color extensions (UK)

(/etc/texmf/tex/latex/config/color.cfg
File: color.cfg 2007/01/18 v1.5 color configuration of teTeX/TeXLive
)
Package xcolor Info: Package option `usenames' ignored on input line 216.
Package xcolor Info: Driver file: dvips.def on input line 225.
LaTeX Info: Redefining \color on input line 702.
Package xcolor Info: Model `cmy' substituted by `cmy0' on input line 1337.
Package xcolor Info: Model `RGB' extended on input line 1353.
Package xcolor Info: Model `HTML' substituted by `rgb' on input line 1355.
Package xcolor Info: Model `Hsb' substituted by `hsb' on input line 1356.
Package xcolor Info: Model `tHsb' substituted by `hsb' on input line 1357.
Package xcolor Info: Model `HSB' substituted by `hsb' on input line 1358.
Package xcolor Info: Model `Gray' substituted by `gray' on input line 1359.
Package xcolor Info: Model `wave' substituted by `hsb' on input line 1360.

(/usr/share/texmf-texlive/tex/latex/graphics/dvipsnam.def
File: dvipsnam.def 1999/02/16 v3.0i Driver-dependant file (DPC,SPQR)
))
(/usr/share/texmf-texlive/tex/latex/multirow/multirow.sty
\bigstrutjot=\dimen137
)
(/usr/share/texmf-texlive/tex/latex/caption/caption.sty
Package: caption 2009/10/09 v3.1k Customizing captions (AR)

(/usr/share/texmf-texlive/tex/latex/caption/caption3.sty
Package: caption3 2009/10/09 v3.1k caption3 kernel (AR)
\captionmargin=\dimen138
\captionmargin@=\dimen139
\captionwidth=\dimen140
\caption@indent=\dimen141
\caption@parindent=\dimen142
\caption@hangindent=\dimen143
)
\c@ContinuedFloat=\count130
Package caption Info: float package is loaded.
Package caption Info: hyperref package is loaded.
Package caption Info: listings package is loaded.
)
(/usr/share/texmf-texlive/tex/latex/caption/subcaption.sty
Package: subcaption 2008/08/31 v1.0b Adding subcaptions (AR)
\c@subfigure=\count131
\c@subtable=\count132
)

Package hyperref Warning: Option `bookmarks' has already been used,
(hyperref)                setting the option has no effect on input line 37.

Package hyperref Info: Option `unicode' set `true' on input line 37.
(/usr/share/texmf-texlive/tex/latex/hyperref/puenc.def
File: puenc.def 2009/10/09 v6.79a Hyperref: PDF Unicode definition (HO)
)
Package hyperref Info: Option `pdftoolbar' set `true' on input line 37.
Package hyperref Info: Option `pdfmenubar' set `true' on input line 37.
Package hyperref Info: Option `pdffitwindow' set `true' on input line 37.
Package hyperref Info: Option `linktocpage' set `true' on input line 37.
 (./thesis.aux
LaTeX Font Info:    Try loading font information for LGR+cmr on input line 26.

(/usr/share/texmf-texlive/tex/latex/cbfonts/lgrcmr.fd
File: lgrcmr.fd 2008/01/04 v1.0 Greek Computer Modern
))
\openout1 = `thesis.aux'.

LaTeX Font Info:    Checking defaults for OML/cmm/m/it on input line 58.
LaTeX Font Info:    ... okay on input line 58.
LaTeX Font Info:    Checking defaults for T1/cmr/m/n on input line 58.
LaTeX Font Info:    ... okay on input line 58.
LaTeX Font Info:    Checking defaults for OT1/cmr/m/n on input line 58.
LaTeX Font Info:    ... okay on input line 58.
LaTeX Font Info:    Checking defaults for OMS/cmsy/m/n on input line 58.
LaTeX Font Info:    ... okay on input line 58.
LaTeX Font Info:    Checking defaults for OMX/cmex/m/n on input line 58.
LaTeX Font Info:    ... okay on input line 58.
LaTeX Font Info:    Checking defaults for U/cmr/m/n on input line 58.
LaTeX Font Info:    ... okay on input line 58.
LaTeX Font Info:    Checking defaults for LGR/cmr/m/n on input line 58.
LaTeX Font Info:    ... okay on input line 58.
LaTeX Font Info:    Checking defaults for PD1/pdf/m/n on input line 58.
LaTeX Font Info:    ... okay on input line 58.
LaTeX Font Info:    Checking defaults for PU/pdf/m/n on input line 58.
LaTeX Font Info:    ... okay on input line 58.
\c@lstlisting=\count133
LaTeX Info: Redefining \degres on input line 58.
LaTeX Info: Redefining \dots on input line 58.
LaTeX Info: Redefining \up on input line 58.

(/usr/share/texmf-texlive/tex/latex/ucs/ucsencs.def
File: ucsencs.def 2003/11/29 Fixes to fontencodings LGR, T3

fontencoding LGR patched
)
Package hyperref Info: Link coloring OFF on input line 58.
 (/usr/share/texmf-texlive/tex/latex/hyperref/nameref.sty
Package: nameref 2007/05/29 v2.31 Cross-referencing by name of section

(/usr/share/texmf-texlive/tex/latex/oberdiek/refcount.sty
Package: refcount 2008/08/11 v3.1 Data extraction from references (HO)
)
\c@section@level=\count134
)
LaTeX Info: Redefining \ref on input line 58.
LaTeX Info: Redefining \pageref on input line 58.
 (./thesis.out)
(./thesis.out)
\@outlinefile=\write3
\openout3 = `thesis.out'.

\AtBeginShipoutBox=\box33
Package caption Info: Begin \AtBeginDocument code.
Package caption Info: End \AtBeginDocument code.
 (/usr/share/texmf-texlive/tex/latex/listings/lstlang1.sty
File: lstlang1.sty 2004/09/05 1.3 listings language file
)
(/usr/share/texmf-texlive/tex/latex/listings/lstlang1.sty
File: lstlang1.sty 2004/09/05 1.3 listings language file
)
(/usr/share/texmf-texlive/tex/latex/listings/lstmisc.sty
File: lstmisc.sty 2007/02/22 1.4 (Carsten Heinz)
) (./frontpage.tex
[1


]) (./signatures.tex [2

] [1]) (./abstract_en.tex [2

] [1]) (./abstract_gr.tex
[2

] (/usr/share/texmf-texlive/tex/latex/ucs/data/uni-3.def
File: uni-3.def 2004/10/17 UCS: Unicode data U+0300..U+03FF
)
Missing character: There is no › in font grmn1095!
Missing character: There is no › in font grmn1095!
Missing character: There is no › in font grmn1095!
Missing character: There is no › in font grmn1095!
Missing character: There is no › in font grmn1095!
Missing character: There is no › in font grmn1095!
Missing character: There is no › in font grmn1095!
Missing character: There is no › in font grmn1095!
Missing character: There is no › in font grmn1095!
Missing character: There is no › in font grmn1095!
Missing character: There is no › in font grmn1095!
Missing character: There is no › in font grmn1095!
Missing character: There is no › in font grmn1095!
Missing character: There is no › in font grmn1095!
Missing character: There is no › in font grmn1095!
Missing character: There is no › in font grmn1095!
Missing character: There is no › in font grmn1095!
Missing character: There is no › in font grmn1095!
Missing character: There is no › in font grmn1095!
Missing character: There is no › in font grmn1095!
Missing character: There is no › in font grmn1095!
Missing character: There is no › in font grmn1095!
Missing character: There is no › in font grmn1095!
Missing character: There is no › in font grmn1095!
Missing character: There is no › in font grmn1095!
Missing character: There is no › in font grmn1095!
Missing character: There is no › in font grmn1095!
Missing character: There is no › in font grmn1095!
Missing character: There is no › in font grmn1095!
Missing character: There is no › in font grmn1095!
Missing character: There is no › in font grmn1095!
Missing character: There is no › in font grmn1095!
Missing character: There is no › in font grmn1095!
Missing character: There is no › in font grmn1095!
Missing character: There is no › in font grmn1095!
Missing character: There is no › in font grmn1095!
Missing character: There is no › in font grmn1095!
Missing character: There is no › in font grmn1095!
Missing character: There is no › in font grmn1095!
Missing character: There is no › in font grmn1095!
 [1]) (./ack.tex
[2

] [1]) (./thesis.toc)
\tf@toc=\write4
\openout4 = `thesis.toc'.

 [1

] [2

] (./thesis.lof [3])
\tf@lof=\write5
\openout5 = `thesis.lof'.

 [4] (./thesis.lot)
\tf@lot=\write6
\openout6 = `thesis.lot'.


(./introduction.tex [1

] [2

]
Chapter 1.
[3] [4]
Underfull \hbox (badness 10000) in paragraph at lines 111--121

 []

[5]
Underfull \hbox (badness 10000) in paragraph at lines 125--127

 []

[6]) (./related.tex
Overfull \hbox (7.11223pt too wide) in paragraph at lines 18--31
[]\T1/cmr/m/n/10.95 Other high-performance sys-tems that sup-port Re-mote Metho
d In-vo-ca-tion (RMI),
 []

[7]) (./implementation.tex [8]
Chapter 2.
File: figures/system_overview.eps Graphic file (type eps)
<figures/system_overview.eps>
Underfull \hbox (badness 10000) in paragraph at lines 10--29

 []

[9

]
LaTeX Font Info:    Try loading font information for T1+cmss on input line 49.
 (/usr/share/texmf-texlive/tex/latex/base/t1cmss.fd
File: t1cmss.fd 1999/05/25 v2.5h Standard LaTeX font definitions
)
LaTeX Font Info:    Try loading font information for OMS+cmss on input line 64.

LaTeX Font Info:    No file OMScmss.fd. on input line 64.


LaTeX Font Warning: Font shape `OMS/cmss/m/n' undefined
(Font)              using `OMS/cmsy/m/n' instead
(Font)              for symbol `textasteriskcentered' on input line 64.

File: figures/hello_flow.eps Graphic file (type eps)
<figures/hello_flow.eps>
Underfull \hbox (badness 10000) in paragraph at lines 87--108

 []

[10]
Overfull \hbox (11.35846pt too wide) in paragraph at lines 116--135
\T1/cmr/m/n/10.95 al-iz-able, and use the macro FU-TURES_EXPORT_FUNCTOR(async_f
unction<fib,
 []

[11] [12]
Underfull \vbox (badness 10000) has occurred while \output is active []

 [13]
[14]

LaTeX Warning: Reference `sect:shared_memory_manager' on page 15 undefined on i
nput line 281.


Underfull \vbox (badness 1270) has occurred while \output is active []

 [15]
[16]
File: figures/free_lists.eps Graphic file (type eps)
 <figures/free_lists.eps> [17]
File: figures/alloc.eps Graphic file (type eps)
 <figures/alloc.eps>
File: figures/free.eps Graphic file (type eps)
 <figures/free.eps>
Underfull \vbox (badness 10000) has occurred while \output is active []

 [18]
File: figures/task_stack.eps Graphic file (type eps)

<figures/task_stack.eps> [19] [20]
Underfull \hbox (badness 10000) in paragraph at lines 447--449

 []


Underfull \hbox (badness 10000) in paragraph at lines 461--464

 []

[21]) (./evaluation.tex [22]
Chapter 3.
[23

]
File: figures/job_issue_time_scalar_vs_container_bars.eps Graphic file (type ep
s)
 <figures/job_issue_time_scalar_vs_container_bars.eps>
File: figures/job_issue_time_different_argnums_same_size_bars.eps Graphic file 
(type eps)

<figures/job_issue_time_different_argnums_same_size_bars.eps>
File: figures/job_issue_time_different_argsizes.eps Graphic file (type eps)

<figures/job_issue_time_different_argsizes.eps>

LaTeX Warning: Reference `(' on page 24 undefined on input line 102.


Underfull \hbox (badness 10000) in paragraph at lines 81--117

 []


Underfull \hbox (badness 10000) in paragraph at lines 81--117

 []


Underfull \hbox (badness 10000) in paragraph at lines 81--117

 []


Underfull \vbox (badness 10000) has occurred while \output is active []

 [24]
Underfull \vbox (badness 2495) has occurred while \output is active []

 [25]
Overfull \hbox (29.24449pt too wide) in paragraph at lines 137--138
[][][][][][][][][][][][][][][][][][][][][][][][][][][][][][][][][][][][][][][][
][][][] 
 []


Overfull \hbox (1.55936pt too wide) in paragraph at lines 150--151
[][][][][][][][][][][][][][][][][][][][][][][][][][][][][][][][][][][][][][][][
] 
 []


Overfull \hbox (36.5421pt too wide) in paragraph at lines 156--157
[][][][][][][][][][][][][][][][][][][][][][][][][][][][][][][] 
 []


Overfull \hbox (39.7572pt too wide) in paragraph at lines 222--223
[][][][][][][][][][][][][][][][][][][][][][][][][][][][][][][][][][][][][][][][
][][][][][][][][][][][][][][][][][] 
 []

[26]
File: figures/apps_scalability.eps Graphic file (type eps)
 <figures/apps_scalability.eps>
File: figures/apps_speedup.eps Graphic file (type eps)
 <figures/apps_speedup.eps>
File: figures/app_breakdowns_6cores.eps Graphic file (type eps)

<figures/app_breakdowns_6cores.eps>
File: figures/app_breakdowns_w_init.eps Graphic file (type eps)
 <figures/app_breakdowns_w_init.eps>)
(./conclusions.tex [27] [28] [29] [30] [31] [32

]
Chapter 4.

Underfull \hbox (badness 10000) in paragraph at lines 14--17

 []


Underfull \hbox (badness 10000) in paragraph at lines 29--37

 []

[33]) (./thesis.bbl [34] [35

]
Underfull \hbox (badness 6859) in paragraph at lines 106--109
[]\T1/cmr/m/n/10.95 ``C++ stan-dard li-brary:threads.'' [On-line]. Avail-able:
 []

[36]
Underfull \hbox (badness 2119) in paragraph at lines 175--178
[]\T1/cmr/m/n/10.95 D. Gre-gor, ``Boost mpi,'' 2005. [On-line]. Avail-able:
 []

) [37] (./thesis.aux

Package natbib Warning: Citation(s) may have changed.
(natbib)                Rerun to get citations correct.

)

LaTeX Font Warning: Some font shapes were not available, defaults substituted.


LaTeX Warning: There were undefined references.

 ) 
Here is how much of TeX's memory you used:
 11977 strings out of 493849
 169821 string characters out of 1152847
 309390 words of memory out of 3000000
 14987 multiletter control sequences out of 15000+50000
 27887 words of font info for 57 fonts, out of 3000000 for 9000
 714 hyphenation exceptions out of 8191
 38i,10n,58p,473b,1458s stack positions out of 5000i,500n,10000p,200000b,50000s

Output written on thesis.dvi (50 pages, 224844 bytes).
