\BOOKMARK [1][-]{section.1}{\376\377\000M\000o\000t\000i\000v\000a\000t\000i\000o\000n}{}% 1
\BOOKMARK [1][-]{section.2}{\376\377\000B\000a\000c\000k\000g\000r\000o\000u\000n\000d}{}% 2
\BOOKMARK [2][-]{subsection.2.1}{\376\377\000F\000u\000t\000u\000r\000e\000s}{section.2}% 3
\BOOKMARK [2][-]{subsection.2.2}{\376\377\000M\000P\000I\000\040\000o\000n\000e\000-\000s\000i\000d\000e\000d\000\040\000c\000o\000m\000m\000u\000n\000i\000c\000a\000t\000i\000o\000n}{section.2}% 4
\BOOKMARK [1][-]{section.3}{\376\377\000R\000e\000l\000a\000t\000e\000d\000\040\000W\000o\000r\000k}{}% 5
\BOOKMARK [1][-]{section.4}{\376\377\000R\000e\000l\000a\000t\000e\000d\000\040\000W\000o\000r\000k}{}% 6
\BOOKMARK [1][-]{section.5}{\376\377\000F\000u\000t\000u\000r\000e\000s\000\040\000I\000n\000t\000e\000r\000f\000a\000c\000e}{}% 7
\BOOKMARK [1][-]{section.6}{\376\377\000C\000o\000m\000m\000u\000n\000i\000c\000a\000t\000i\000o\000n}{}% 8
\BOOKMARK [2][-]{subsection.6.1}{\376\377\000S\000h\000a\000r\000e\000d\000\040\000A\000d\000d\000r\000e\000s\000s\000\040\000S\000p\000a\000c\000e}{section.6}% 9
\BOOKMARK [2][-]{subsection.6.2}{\376\377\000M\000u\000t\000e\000x\000e\000s}{section.6}% 10
\BOOKMARK [1][-]{section.7}{\376\377\000M\000e\000m\000o\000r\000y\000\040\000a\000l\000l\000o\000c\000a\000t\000i\000o\000n}{}% 11
\BOOKMARK [1][-]{section.8}{\376\377\000S\000c\000h\000e\000d\000u\000l\000e\000r}{}% 12
\BOOKMARK [1][-]{section.9}{\376\377\000A\000A}{}% 13
\BOOKMARK [1][-]{section.10}{\376\377\000B\000B}{}% 14
\BOOKMARK [1][-]{section.11}{\376\377\000C\000C}{}% 15
\BOOKMARK [1][-]{section.12}{\376\377\000D\000D}{}% 16
\BOOKMARK [1][-]{section.13}{\376\377\000E\000E}{}% 17
\BOOKMARK [1][-]{section.14}{\376\377\000F\000F}{}% 18
\BOOKMARK [1][-]{section.15}{\376\377\000A\000A}{}% 19
\BOOKMARK [1][-]{section.16}{\376\377\000B\000B}{}% 20
\BOOKMARK [1][-]{section.17}{\376\377\000C\000C}{}% 21
\BOOKMARK [1][-]{section.18}{\376\377\000D\000D}{}% 22
\BOOKMARK [1][-]{section.19}{\376\377\000E\000E}{}% 23
\BOOKMARK [1][-]{section.20}{\376\377\000F\000F}{}% 24
\BOOKMARK [1][-]{section.21}{\376\377\000A\000A}{}% 25
\BOOKMARK [1][-]{section.22}{\376\377\000B\000B}{}% 26
\BOOKMARK [1][-]{section.23}{\376\377\000C\000C}{}% 27
\BOOKMARK [1][-]{section.24}{\376\377\000D\000D}{}% 28
\BOOKMARK [1][-]{section.25}{\376\377\000E\000E}{}% 29
\BOOKMARK [1][-]{section.26}{\376\377\000F\000F}{}% 30
